# Scroll Area
## Demo
### Tailwind
### CSS Modules
## Anatomy
## Examples
### Both scrollbars
## Demo
### Tailwind
### CSS Modules
### Gradient scroll fade
## Demo
### Tailwind
### CSS Modules
### Combining with Tabs
## API reference
### Root
### Root.Props
### Root.State
### Content
### Content.Props
### Content.State
### Viewport
### Viewport.Props
### Viewport.State
### Thumb
### Thumb.Props
### Thumb.State
### Scrollbar
### Scrollbar.Props
### Scrollbar.State
### Corner
### Corner.Props
### Corner.State
## Additional Types
### Coords
### HiddenState
### OverflowEdges
### Size
## Export Groups
## Canonical Types
