$ PWCLI --session sa open http://127.0.0.1:5177/scroll-area --headed
### Browser `sa` opened with pid 76042.
### Ran Playwright code
```js
await page.goto('http://127.0.0.1:5177/scroll-area');
```
### Page
- Page URL: http://127.0.0.1:5177/scroll-area
### Snapshot
- [Snapshot](.playwright-cli/page-2026-05-28T06-22-52-177Z.yml)
### Events
- New console entries: .playwright-cli/console-2026-05-28T06-22-51-945Z.log#L1-L2

$ set dark and inspect zero-origin alignment
### Result
[
  {
    "title": "Combining With Tabs",
    "scrollLeft": 0,
    "trackLeft": 523,
    "thumbLeft": 525,
    "expectedThumbLeft": 525,
    "alignedAtOrigin": true
  },
  {
    "title": "Keep Mounted",
    "scrollLeft": 0,
    "trackLeft": 587,
    "thumbLeft": 589,
    "expectedThumbLeft": 589,
    "alignedAtOrigin": true
  }
]
### Ran Playwright code
```js
await page.evaluate('() => ((() => { document.documentElement.setAttribute(\'data-theme\', \'dark\'); document.body?.setAttribute(\'data-theme\', \'dark\'); document.querySelector(\'.demo-app-shell\')?.setAttribute(\'data-theme\', \'dark\'); const inspect = (title) => { const heading = Array.from(document.querySelectorAll(\'h2\')).find(h => h.textContent.trim() === title); const section = heading.closest(\'.demo-section\'); const viewport = section.querySelector(\'.scroll-area-demo-viewport\'); const x = section.querySelector(\'[data-orientation=horizontal].scroll-area-demo-scrollbar\'); const thumb = x.querySelector(\'.scroll-area-demo-thumb\'); const xr = x.getBoundingClientRect(); const tr = thumb.getBoundingClientRect(); const xs = getComputedStyle(x); return { title, scrollLeft: viewport.scrollLeft, trackLeft: Math.round(xr.left * 10) / 10, thumbLeft: Math.round(tr.left * 10) / 10, expectedThumbLeft: Math.round((xr.left + (parseFloat(xs.paddingInlineStart) || 0)) * 10) / 10, alignedAtOrigin: Math.abs(tr.left - xr.left - (parseFloat(xs.paddingInlineStart) || 0)) <= 0.5 }; }; return [inspect(\'Combining With Tabs\'), inspect(\'Keep Mounted\')]; })())');
```

$ keep mounted scroll and inspect shifted thumb
### Result
{
  "scrollLeft": 160,
  "scrollTop": 160,
  "xTrack": {
    "left": 587,
    "top": 759,
    "right": 891,
    "bottom": 773,
    "width": 304,
    "height": 14
  },
  "yTrack": {
    "left": 891,
    "top": 455,
    "right": 905,
    "bottom": 759,
    "width": 14,
    "height": 304
  },
  "xThumb": {
    "left": 659.6,
    "top": 762,
    "right": 803.4,
    "bottom": 770,
    "width": 143.9,
    "height": 8
  },
  "corner": {
    "left": 891,
    "top": 759,
    "right": 905,
    "bottom": 773,
    "width": 14,
    "height": 14
  }
}
### Ran Playwright code
```js
await page.evaluate('() => ((() => { const heading = Array.from(document.querySelectorAll(\'h2\')).find(h => h.textContent.trim() === \'Keep Mounted\'); const section = heading.closest(\'.demo-section\'); const viewport = section.querySelector(\'.scroll-area-demo-viewport\'); viewport.scrollLeft = 160; viewport.scrollTop = 160; viewport.dispatchEvent(new Event(\'scroll\', { bubbles: true })); section.scrollIntoView({ block: \'center\' }); const x = section.querySelector(\'[data-orientation=horizontal].scroll-area-demo-scrollbar\'); const y = section.querySelector(\'[data-orientation=vertical].scroll-area-demo-scrollbar\'); const corner = section.querySelector(\'.scroll-area-demo-corner\'); const thumb = x.querySelector(\'.scroll-area-demo-thumb\'); const rect = el => Object.fromEntries([\'left\',\'top\',\'right\',\'bottom\',\'width\',\'height\'].map(k => [k, Math.round(el.getBoundingClientRect()[k] * 10) / 10])); return { scrollLeft: viewport.scrollLeft, scrollTop: viewport.scrollTop, xTrack: rect(x), yTrack: rect(y), xThumb: rect(thumb), corner: rect(corner) }; })())');
```

$ screenshot
### Result
- [Screenshot of viewport](.playwright-cli/page-2026-05-28T06-22-55-250Z.png)
### Ran Playwright code
```js
// Screenshot viewport and save it as .playwright-cli/page-2026-05-28T06-22-55-250Z.png
await page.screenshot({
  path: '.playwright-cli/page-2026-05-28T06-22-55-250Z.png',
  scale: 'css',
  type: 'png'
});
```

$ console
### Result
Total messages: 2 (Errors: 0, Warnings: 0)

[INFO] [2026-05-28T06:22:52.154Z] Information: Normalizing '_blazor' to 'http://127.0.0.1:5177/_blazor'. @ http://127.0.0.1:5177/_framework/blazor.web.ej96puwv3k.js:0
[INFO] [2026-05-28T06:22:52.165Z] Information: WebSocket connected to ws://127.0.0.1:5177/_blazor?id=vL9WxaGiExrtYwceutRlQQ. @ http://127.0.0.1:5177/_framework/blazor.web.ej96puwv3k.js:0
