### Browser `scrollarea-align` opened with pid 65834.
### Ran Playwright code
```js
await page.goto('http://127.0.0.1:5177/scroll-area');
```
### Page
- Page URL: http://127.0.0.1:5177/scroll-area
### Snapshot
- [Snapshot](.playwright-cli/page-2026-05-28T06-14-51-611Z.yml)
### Events
- New console entries: .playwright-cli/console-2026-05-28T06-14-51-527Z.log#L1-L2
### Result
"Basic Usage|Both Scrollbars|Gradient Scroll Fade|Combining With Tabs|Keep Mounted"
### Ran Playwright code
```js
await page.evaluate('() => ((() => { document.documentElement.setAttribute(\'data-theme\',\'dark\'); document.body.setAttribute(\'data-theme\',\'dark\'); document.querySelector(\'.demo-app-shell\')?.setAttribute(\'data-theme\',\'dark\'); return Array.from(document.querySelectorAll(\'h2\')).map(h => h.textContent.trim()).join(\'|\'); })())');
```
### Result
[
  {
    "title": "Combining With Tabs",
    "scrollTop": 0,
    "scrollLeft": 0,
    "aligned": true
  },
  {
    "title": "Keep Mounted",
    "scrollTop": 160,
    "scrollLeft": 160,
    "aligned": true
  }
]
### Ran Playwright code
```js
await page.evaluate('() => ((() => { const read = (title) => { const heading = Array.from(document.querySelectorAll(\'h2\')).find(h => h.textContent.trim() === title); const section = heading.closest(\'.demo-section\'); const viewport = section.querySelector(\'.scroll-area-demo-viewport\'); const x = section.querySelector(\'[data-orientation=horizontal].scroll-area-demo-scrollbar\'); const y = section.querySelector(\'[data-orientation=vertical].scroll-area-demo-scrollbar\'); const corner = section.querySelector(\'.scroll-area-demo-corner\'); const xr = x.getBoundingClientRect(); const vr = viewport.getBoundingClientRect(); const yr = y?.getBoundingClientRect(); const cr = corner?.getBoundingClientRect(); if (title === \'Keep Mounted\') { viewport.scrollTop = 160; viewport.scrollLeft = 160; viewport.dispatchEvent(new Event(\'scroll\', { bubbles: true })); } return { title, scrollTop: viewport.scrollTop, scrollLeft: viewport.scrollLeft, aligned: y ? Math.abs(xr.right - yr.left) <= 0.5 && Math.abs(yr.bottom - xr.top) <= 0.5 && Math.abs(cr.left - xr.right) <= 0.5 && Math.abs(cr.top - yr.bottom) <= 0.5 && getComputedStyle(x).backgroundColor === getComputedStyle(corner).backgroundColor : Math.abs(xr.left - vr.left) <= 0.5 && Math.abs(xr.right - vr.right) <= 0.5 }; }; return [read(\'Combining With Tabs\'), read(\'Keep Mounted\')]; })())');
```
### Result
Total messages: 2 (Errors: 0, Warnings: 0)

[INFO] [2026-05-28T06:14:51.588Z] Information: Normalizing '_blazor' to 'http://127.0.0.1:5177/_blazor'. @ http://127.0.0.1:5177/_framework/blazor.web.ej96puwv3k.js:0
[INFO] [2026-05-28T06:14:51.592Z] Information: WebSocket connected to ws://127.0.0.1:5177/_blazor?id=xj2qb3kO6ZW8ZW9SO3Wt2Q. @ http://127.0.0.1:5177/_framework/blazor.web.ej96puwv3k.js:0
### Result
1589
### Ran Playwright code
```js
await page.evaluate('() => ((() => { const heading = Array.from(document.querySelectorAll(\'h2\')).find(h => h.textContent.trim() === \'Keep Mounted\'); heading.closest(\'.demo-section\').scrollIntoView({ block: \'center\' }); return window.scrollY; })())');
```
### Result
- [Screenshot of viewport](.playwright-cli/page-2026-05-28T06-15-03-436Z.png)
### Ran Playwright code
```js
// Screenshot viewport and save it as .playwright-cli/page-2026-05-28T06-15-03-436Z.png
await page.screenshot({
  path: '.playwright-cli/page-2026-05-28T06-15-03-436Z.png',
  scale: 'css',
  type: 'png'
});
```
